<?xml version="1.0" encoding="UTF-8"?>
<testsuite name="com.roboclub.robobuggy.nodes.localizers.HighTrustGPSLocalizerTest" tests="1" skipped="0" failures="0" errors="0" timestamp="2016-12-03T03:48:32" hostname="Girishs-MBP.wv.cc.cmu.edu" time="0.508">
  <properties/>
  <testcase name="testDistanceBetweenOneDegLat" classname="com.roboclub.robobuggy.nodes.localizers.HighTrustGPSLocalizerTest" time="0.508"/>
  <system-out><![CDATA[]]></system-out>
  <system-err><![CDATA[]]></system-err>
</testsuite>
