<?xml version="1.0" encoding="UTF-8"?>
<testsuite name="TestGui" tests="1" skipped="0" failures="0" errors="0" timestamp="2016-12-03T03:48:30" hostname="Girishs-MBP.wv.cc.cmu.edu" time="1.629">
  <properties/>
  <testcase name="test" classname="TestGui" time="1.629"/>
  <system-out><![CDATA[StartingGUI
]]></system-out>
  <system-err><![CDATA[]]></system-err>
</testsuite>
