<?xml version="1.0" encoding="UTF-8"?>
<testsuite name="com.roboclub.robobuggy.utilities.RobobuggyDateFormatterTest" tests="1" skipped="0" failures="0" errors="0" timestamp="2016-12-03T03:48:56" hostname="Girishs-MBP.wv.cc.cmu.edu" time="0.0">
  <properties/>
  <testcase name="testNull" classname="com.roboclub.robobuggy.utilities.RobobuggyDateFormatterTest" time="0.0"/>
  <system-out><![CDATA[]]></system-out>
  <system-err><![CDATA[]]></system-err>
</testsuite>
