<?xml version="1.0" encoding="UTF-8"?>
<testsuite name="TestSo2Pose" tests="4" skipped="0" failures="0" errors="0" timestamp="2016-12-03T03:48:32" hostname="Girishs-MBP.wv.cc.cmu.edu" time="0.011">
  <properties/>
  <testcase name="testEqual" classname="TestSo2Pose" time="0.001"/>
  <testcase name="test" classname="TestSo2Pose" time="0.008"/>
  <testcase name="test2" classname="TestSo2Pose" time="0.0"/>
  <testcase name="testInverse" classname="TestSo2Pose" time="0.0"/>
  <system-out><![CDATA[]]></system-out>
  <system-err><![CDATA[]]></system-err>
</testsuite>
