<?xml version="1.0" encoding="UTF-8"?>
<testsuite name="UnboundedMessageQueueTest" tests="3" skipped="0" failures="0" errors="0" timestamp="2016-11-04T23:42:50" hostname="Girishs-MBP.wv.cc.cmu.edu" time="0.006">
  <properties/>
  <testcase name="onePubOneSubWithTwoMiddleNode" classname="UnboundedMessageQueueTest" time="0.002"/>
  <testcase name="onePubOneSub" classname="UnboundedMessageQueueTest" time="0.002"/>
  <testcase name="onePubOneSubWithMiddleNode" classname="UnboundedMessageQueueTest" time="0.002"/>
  <system-out><![CDATA[Blocking on done...
NumSource exiting...
NumSink exiting...
Blocking on done...
NumSource exiting...
NumSink exiting...
Blocking on done...
NumSource exiting...
NumSink exiting...
]]></system-out>
  <system-err><![CDATA[]]></system-err>
</testsuite>
