<?xml version="1.0" encoding="UTF-8"?>
<testsuite name="BoundedMessageQueueTest" tests="3" skipped="0" failures="0" errors="0" timestamp="2016-11-04T23:42:45" hostname="Girishs-MBP.wv.cc.cmu.edu" time="4.841">
  <properties/>
  <testcase name="BoundedQueuesOfDifferentLengths" classname="BoundedMessageQueueTest" time="1.811"/>
  <testcase name="onePubOneSub" classname="BoundedMessageQueueTest" time="0.627"/>
  <testcase name="onePubOneSubWithMiddleNode" classname="BoundedMessageQueueTest" time="2.403"/>
  <system-out><![CDATA[Blocking on done...
NumSource exiting...
NumSink exiting...
Blocking on done...
NumSource exiting...
NumSink exiting...
Blocking on done...
NumSource exiting...
NumSink exiting...
Blocking on done...
NumSource exiting...
NumSink exiting...
Blocking on done...
NumSource exiting...
NumSink exiting...
Blocking on done...
NumSource exiting...
NumSink exiting...
Blocking on done...
NumSource exiting...
NumSink exiting...
]]></system-out>
  <system-err><![CDATA[]]></system-err>
</testsuite>
